-------------------------------------------------------------------------------
Test set: ParameterRunnerTest
-------------------------------------------------------------------------------
Tests run: 1, Failures: 0, Errors: 1, Skipped: 0, Time elapsed: 0.708 sec <<< FAILURE! - in ParameterRunnerTest
run(ParameterRunnerTest)  Time elapsed: 0.708 sec  <<< ERROR!
org.jbehave.core.steps.Steps$DuplicateCandidateFound: WHEN nwd <num1> i <num2>
	at org.jbehave.core.steps.Steps.checkForDuplicateCandidates(Steps.java:224)
	at org.jbehave.core.steps.Steps.addCandidate(Steps.java:210)
	at org.jbehave.core.steps.Steps.addCandidatesFromVariants(Steps.java:191)
	at org.jbehave.core.steps.Steps.listCandidates(Steps.java:174)
	at org.jbehave.core.steps.StepFinder.collectCandidates(StepFinder.java:110)
	at org.jbehave.core.steps.MarkUnmatchedStepsAsPending.addMatchedSteps(MarkUnmatchedStepsAsPending.java:141)
	at org.jbehave.core.steps.MarkUnmatchedStepsAsPending.addMatchedSteps(MarkUnmatchedStepsAsPending.java:131)
	at org.jbehave.core.steps.MarkUnmatchedStepsAsPending.addMatchedSteps(MarkUnmatchedStepsAsPending.java:126)
	at org.jbehave.core.steps.MarkUnmatchedStepsAsPending.collectLifecycleSteps(MarkUnmatchedStepsAsPending.java:79)
	at org.jbehave.core.embedder.PerformableTree$RunContext.lifecycleSteps(PerformableTree.java:547)
	at org.jbehave.core.embedder.PerformableTree.addStepsWithLifecycle(PerformableTree.java:211)
	at org.jbehave.core.embedder.PerformableTree.normalScenario(PerformableTree.java:179)
	at org.jbehave.core.embedder.PerformableTree.performableScenario(PerformableTree.java:137)
	at org.jbehave.core.embedder.PerformableTree.performableStory(PerformableTree.java:103)
	at org.jbehave.core.embedder.PerformableTree.addStories(PerformableTree.java:71)
	at org.jbehave.core.embedder.StoryManager.runStories(StoryManager.java:104)
	at org.jbehave.core.embedder.StoryManager.runStoriesAsPaths(StoryManager.java:86)
	at org.jbehave.core.embedder.Embedder.runStoriesAsPaths(Embedder.java:213)
	at org.jbehave.core.junit.JUnitStories.run(JUnitStories.java:20)
	at sun.reflect.NativeMethodAccessorImpl.invoke0(Native Method)
	at sun.reflect.NativeMethodAccessorImpl.invoke(NativeMethodAccessorImpl.java:62)
	at sun.reflect.DelegatingMethodAccessorImpl.invoke(DelegatingMethodAccessorImpl.java:43)
	at java.lang.reflect.Method.invoke(Method.java:498)
	at org.junit.runners.model.FrameworkMethod$1.runReflectiveCall(FrameworkMethod.java:50)
	at org.junit.internal.runners.model.ReflectiveCallable.run(ReflectiveCallable.java:12)
	at org.junit.runners.model.FrameworkMethod.invokeExplosively(FrameworkMethod.java:47)
	at org.junit.internal.runners.statements.InvokeMethod.evaluate(InvokeMethod.java:17)
	at org.junit.runners.ParentRunner.runLeaf(ParentRunner.java:325)
	at org.junit.runners.BlockJUnit4ClassRunner.runChild(BlockJUnit4ClassRunner.java:78)
	at org.junit.runners.BlockJUnit4ClassRunner.runChild(BlockJUnit4ClassRunner.java:57)
	at org.junit.runners.ParentRunner$3.run(ParentRunner.java:290)
	at org.junit.runners.ParentRunner$1.schedule(ParentRunner.java:71)
	at org.junit.runners.ParentRunner.runChildren(ParentRunner.java:288)
	at org.junit.runners.ParentRunner.access$000(ParentRunner.java:58)
	at org.junit.runners.ParentRunner$2.evaluate(ParentRunner.java:268)
	at org.junit.runners.ParentRunner.run(ParentRunner.java:363)
	at org.apache.maven.surefire.junit4.JUnit4Provider.execute(JUnit4Provider.java:264)
	at org.apache.maven.surefire.junit4.JUnit4Provider.executeTestSet(JUnit4Provider.java:153)
	at org.apache.maven.surefire.junit4.JUnit4Provider.invoke(JUnit4Provider.java:124)
	at org.apache.maven.surefire.booter.ForkedBooter.invokeProviderInSameClassLoader(ForkedBooter.java:200)
	at org.apache.maven.surefire.booter.ForkedBooter.runSuitesInProcess(ForkedBooter.java:153)
	at org.apache.maven.surefire.booter.ForkedBooter.main(ForkedBooter.java:103)

